22:00:53 **** Rebuild of configuration Debug for project 17-2 ****
Info: Internal Builder is used for build
gcc -O0 -g3 -Wall -c -fmessage-length=0 -o "src\\17-2.o" "..\\src\\17-2.c" 
..\src\17-2.c: In function 'funcion':
..\src\17-2.c:48:11: warning: comparison between pointer and integer
   48 |    if(aux == numEntero){
      |           ^~
gcc -o 17-2.exe "src\\17-2.o" 
22:01:15 **** Incremental Build of configuration Debug for project 17-2 ****
Info: Internal Builder is used for build
gcc -O0 -g3 -Wall -c -fmessage-length=0 -o "src\\17-2.o" "..\\src\\17-2.c" 
gcc -o 17-2.exe "src\\17-2.o" 
22:02:25 **** Incremental Build of configuration Debug for project 17-2 ****
Info: Internal Builder is used for build
gcc -O0 -g3 -Wall -c -fmessage-length=0 -o "src\\17-2.o" "..\\src\\17-2.c" 
..\src\17-2.c: In function 'funcion':
..\src\17-2.c:46:8: warning: assignment to 'int *' from 'int' makes pointer from integer without a cast [-Wint-conversion]
   46 |    aux = ArrayEnteros[i];
      |        ^
..\src\17-2.c:48:11: warning: comparison between pointer and integer
   48 |    if(aux == numEntero){
      |           ^~
gcc -o 17-2.exe "src\\17-2.o" 
22:02:44 **** Incremental Build of configuration Debug for project 17-2 ****
Info: Internal Builder is used for build
gcc -O0 -g3 -Wall -c -fmessage-length=0 -o "src\\17-2.o" "..\\src\\17-2.c" 
..\src\17-2.c: In function 'funcion':
..\src\17-2.c:48:11: warning: comparison between pointer and integer
   48 |    if(aux == numEntero){
      |           ^~
gcc -o 17-2.exe "src\\17-2.o" 
22:03:11 **** Incremental Build of configuration Debug for project 17-2 ****
Info: Internal Builder is used for build
gcc -O0 -g3 -Wall -c -fmessage-length=0 -o "src\\17-2.o" "..\\src\\17-2.c" 
..\src\17-2.c: In function 'funcion':
..\src\17-2.c:50:10: warning: passing argument 1 of 'free' makes pointer from integer without a cast [-Wint-conversion]
   50 |     free(aux);
      |          ^~~
      |          |
      |          int
In file included from ..\src\17-2.c:10:
c:\mingw\include\stdlib.h:585:55: note: expected 'void *' but argument is of type 'int'
  585 | __CRT_ALIAS __cdecl __MINGW_NOTHROW  void free (void *__ptr)
      |                                                 ~~~~~~^~~~~
gcc -o 17-2.exe "src\\17-2.o" 
22:03:22 **** Incremental Build of configuration Debug for project 17-2 ****
Info: Internal Builder is used for build
gcc -O0 -g3 -Wall -c -fmessage-length=0 -o "src\\17-2.o" "..\\src\\17-2.c" 
gcc -o 17-2.exe "src\\17-2.o" 
Info: Nothing to build for 17-2
Info: Nothing to build for 17-2
22:05:10 **** Incremental Build of configuration Debug for project 17-2 ****
Info: Internal Builder is used for build
gcc -O0 -g3 -Wall -c -fmessage-length=0 -o "src\\17-2.o" "..\\src\\17-2.c" 
..\src\17-2.c: In function 'funcion':
..\src\17-2.c:48:10: warning: passing argument 1 of 'free' makes pointer from integer without a cast [-Wint-conversion]
   48 |     free(*(ArrayEnteros+i));
      |          ^~~~~~~~~~~~~~~~~
      |          |
      |          int
In file included from ..\src\17-2.c:10:
c:\mingw\include\stdlib.h:585:55: note: expected 'void *' but argument is of type 'int'
  585 | __CRT_ALIAS __cdecl __MINGW_NOTHROW  void free (void *__ptr)
      |                                                 ~~~~~~^~~~~
gcc -o 17-2.exe "src\\17-2.o" 
22:05:33 **** Incremental Build of configuration Debug for project 17-2 ****
Info: Internal Builder is used for build
gcc -O0 -g3 -Wall -c -fmessage-length=0 -o "src\\17-2.o" "..\\src\\17-2.c" 
gcc -o 17-2.exe "src\\17-2.o" 
22:07:13 **** Incremental Build of configuration Debug for project 17-2 ****
Info: Internal Builder is used for build
gcc -O0 -g3 -Wall -c -fmessage-length=0 -o "src\\17-2.o" "..\\src\\17-2.c" 
..\src\17-2.c: In function 'funcion':
..\src\17-2.c:49:22: warning: passing argument 1 of 'free' makes pointer from integer without a cast [-Wint-conversion]
   49 |     free(ArrayEnteros[i]);
      |          ~~~~~~~~~~~~^~~
      |                      |
      |                      int
In file included from ..\src\17-2.c:10:
c:\mingw\include\stdlib.h:585:55: note: expected 'void *' but argument is of type 'int'
  585 | __CRT_ALIAS __cdecl __MINGW_NOTHROW  void free (void *__ptr)
      |                                                 ~~~~~~^~~~~
gcc -o 17-2.exe "src\\17-2.o" 
22:13:52 **** Incremental Build of configuration Debug for project 17-2 ****
Info: Internal Builder is used for build
gcc -O0 -g3 -Wall -c -fmessage-length=0 -o "src\\17-2.o" "..\\src\\17-2.c" 
..\src\17-2.c: In function 'main':
..\src\17-2.c:27:11: warning: passing argument 1 of 'free' makes pointer from integer without a cast [-Wint-conversion]
   27 |   free(aux[1]);
      |        ~~~^~~
      |           |
      |           int
In file included from ..\src\17-2.c:10:
c:\mingw\include\stdlib.h:585:55: note: expected 'void *' but argument is of type 'int'
  585 | __CRT_ALIAS __cdecl __MINGW_NOTHROW  void free (void *__ptr)
      |                                                 ~~~~~~^~~~~
..\src\17-2.c: In function 'funcion':
..\src\17-2.c:50:22: warning: passing argument 1 of 'free' makes pointer from integer without a cast [-Wint-conversion]
   50 |     free(ArrayEnteros[i]);
      |          ~~~~~~~~~~~~^~~
      |                      |
      |                      int
In file included from ..\src\17-2.c:10:
c:\mingw\include\stdlib.h:585:55: note: expected 'void *' but argument is of type 'int'
  585 | __CRT_ALIAS __cdecl __MINGW_NOTHROW  void free (void *__ptr)
      |                                                 ~~~~~~^~~~~
gcc -o 17-2.exe "src\\17-2.o" 
22:14:02 **** Incremental Build of configuration Debug for project 17-2 ****
Info: Internal Builder is used for build
gcc -O0 -g3 -Wall -c -fmessage-length=0 -o "src\\17-2.o" "..\\src\\17-2.c" 
..\src\17-2.c: In function 'funcion':
..\src\17-2.c:50:22: warning: passing argument 1 of 'free' makes pointer from integer without a cast [-Wint-conversion]
   50 |     free(ArrayEnteros[i]);
      |          ~~~~~~~~~~~~^~~
      |                      |
      |                      int
In file included from ..\src\17-2.c:10:
c:\mingw\include\stdlib.h:585:55: note: expected 'void *' but argument is of type 'int'
  585 | __CRT_ALIAS __cdecl __MINGW_NOTHROW  void free (void *__ptr)
      |                                                 ~~~~~~^~~~~
gcc -o 17-2.exe "src\\17-2.o" 
22:14:10 **** Incremental Build of configuration Debug for project 17-2 ****
Info: Internal Builder is used for build
gcc -O0 -g3 -Wall -c -fmessage-length=0 -o "src\\17-2.o" "..\\src\\17-2.c" 
gcc -o 17-2.exe "src\\17-2.o" 
22:14:27 **** Incremental Build of configuration Debug for project 17-2 ****
Info: Internal Builder is used for build
gcc -O0 -g3 -Wall -c -fmessage-length=0 -o "src\\17-2.o" "..\\src\\17-2.c" 
..\src\17-2.c: In function 'main':
..\src\17-2.c:27:11: warning: passing argument 1 of 'free' makes pointer from integer without a cast [-Wint-conversion]
   27 |   free(aux[1]);
      |        ~~~^~~
      |           |
      |           int
In file included from ..\src\17-2.c:10:
c:\mingw\include\stdlib.h:585:55: note: expected 'void *' but argument is of type 'int'
  585 | __CRT_ALIAS __cdecl __MINGW_NOTHROW  void free (void *__ptr)
      |                                                 ~~~~~~^~~~~
gcc -o 17-2.exe "src\\17-2.o" 
22:14:37 **** Incremental Build of configuration Debug for project 17-2 ****
Info: Internal Builder is used for build
gcc -O0 -g3 -Wall -c -fmessage-length=0 -o "src\\17-2.o" "..\\src\\17-2.c" 
..\src\17-2.c: In function 'main':
..\src\17-2.c:27:11: warning: assignment to 'int *' from 'int' makes pointer from integer without a cast [-Wint-conversion]
   27 |   free(aux=2);
      |           ^
gcc -o 17-2.exe "src\\17-2.o" 
22:15:29 **** Incremental Build of configuration Debug for project 17-2 ****
Info: Internal Builder is used for build
gcc -O0 -g3 -Wall -c -fmessage-length=0 -o "src\\17-2.o" "..\\src\\17-2.c" 
..\src\17-2.c: In function 'main':
..\src\17-2.c:28:7: warning: assignment to 'int *' from 'int' makes pointer from integer without a cast [-Wint-conversion]
   28 |   paux=aux[1];
      |       ^
gcc -o 17-2.exe "src\\17-2.o" 
22:19:33 **** Incremental Build of configuration Debug for project 17-2 ****
Info: Internal Builder is used for build
gcc -O0 -g3 -Wall -c -fmessage-length=0 -o "src\\17-2.o" "..\\src\\17-2.c" 
gcc -o 17-2.exe "src\\17-2.o" 
Info: Nothing to build for 17-2
17:18:41 **** Incremental Build of configuration Debug for project 17-2 ****
Info: Internal Builder is used for build
gcc -O0 -g3 -Wall -c -fmessage-length=0 -o "src\\17-2.o" "..\\src\\17-2.c" 
gcc -o 17-2.exe "src\\17-2.o" 
